<?xml version="1.0" encoding="UTF-8"?>
<coverage generated="1625993193089" clover="3.2.0">
  <project timestamp="1625993193089" name="All files">
    <metrics statements="7" coveredstatements="4" conditionals="3" coveredconditionals="1" methods="2" coveredmethods="1" elements="12" coveredelements="6" complexity="0" loc="7" ncloc="7" packages="1" files="1" classes="1"/>
    <file name="utils.js" path="/Users/benalexb/Work/tech-challenges/tree-problem/src/utils.js">
      <metrics statements="7" coveredstatements="4" conditionals="3" coveredconditionals="1" methods="2" coveredmethods="1"/>
      <line num="1" count="1" type="cond" truecount="1" falsecount="0"/>
      <line num="4" count="1" type="stmt"/>
      <line num="5" count="1" type="cond" truecount="0" falsecount="2"/>
      <line num="7" count="0" type="stmt"/>
      <line num="8" count="0" type="stmt"/>
      <line num="12" count="0" type="stmt"/>
      <line num="15" count="1" type="stmt"/>
    </file>
  </project>
</coverage>
