{"/Users/benalexb/Work/tech-challenges/tree-problem/src/utils.js": {"path":"/Users/benalexb/Work/tech-challenges/tree-problem/src/utils.js","statementMap":{"0":{"start":{"line":1,"column":24},"end":{"line":13,"column":1}},"1":{"start":{"line":4,"column":2},"end":{"line":10,"column":3}},"2":{"start":{"line":4,"column":15},"end":{"line":4,"column":16}},"3":{"start":{"line":5,"column":4},"end":{"line":9,"column":5}},"4":{"start":{"line":7,"column":6},"end":{"line":7,"column":45}},"5":{"start":{"line":8,"column":6},"end":{"line":8,"column":12}},"6":{"start":{"line":12,"column":2},"end":{"line":12,"column":18}},"7":{"start":{"line":15,"column":28},"end":{"line":15,"column":36}}},"fnMap":{"0":{"name":"(anonymous_0)","decl":{"start":{"line":1,"column":24},"end":{"line":1,"column":25}},"loc":{"start":{"line":1,"column":43},"end":{"line":13,"column":1}},"line":1},"1":{"name":"(anonymous_1)","decl":{"start":{"line":15,"column":28},"end":{"line":15,"column":29}},"loc":{"start":{"line":15,"column":34},"end":{"line":15,"column":36}},"line":15}},"branchMap":{"0":{"loc":{"start":{"line":1,"column":25},"end":{"line":1,"column":38}},"type":"default-arg","locations":[{"start":{"line":1,"column":36},"end":{"line":1,"column":38}}],"line":1},"1":{"loc":{"start":{"line":5,"column":4},"end":{"line":9,"column":5}},"type":"if","locations":[{"start":{"line":5,"column":4},"end":{"line":9,"column":5}},{"start":{"line":5,"column":4},"end":{"line":9,"column":5}}],"line":5}},"s":{"0":1,"1":1,"2":1,"3":1,"4":0,"5":0,"6":0,"7":1},"f":{"0":1,"1":0},"b":{"0":[1],"1":[0,0]},"_coverageSchema":"1a1c01bbd47fc00a2c39e90264f33305004495a9","hash":"1032d0a82914a02b61493f75e04d1efb3e43f8ec"}
}
